<?xml version="1.0" encoding="UTF-8"?>
<coverage generated="1525121970240" clover="3.2.0">
  <project timestamp="1525121970240" name="All files">
    <metrics statements="16" coveredstatements="15" conditionals="1" coveredconditionals="0" methods="6" coveredmethods="5" elements="23" coveredelements="20" complexity="0" loc="16" ncloc="16" packages="1" files="2" classes="2">
      <file name="half.js" path="/home/exces-s/Projects/page-loader/src/half.js">
        <metrics statements="1" coveredstatements="1" conditionals="0" coveredconditionals="0" methods="1" coveredmethods="1"/>
        <line num="1" count="1" type="stmt"/>
      </file>
      <file name="index.js" path="/home/exces-s/Projects/page-loader/src/index.js">
        <metrics statements="15" coveredstatements="14" conditionals="1" coveredconditionals="0" methods="5" coveredmethods="4"/>
        <line num="7" count="1" type="stmt"/>
        <line num="12" count="1" type="stmt"/>
        <line num="14" count="1" type="stmt"/>
        <line num="15" count="1" type="stmt"/>
        <line num="16" count="1" type="stmt"/>
        <line num="17" count="1" type="stmt"/>
        <line num="18" count="1" type="stmt"/>
        <line num="19" count="1" type="stmt"/>
        <line num="22" count="1" type="cond" truecount="0" falsecount="1"/>
        <line num="23" count="1" type="stmt"/>
        <line num="25" count="1" type="stmt"/>
        <line num="26" count="1" type="stmt"/>
        <line num="27" count="1" type="stmt"/>
        <line num="28" count="1" type="stmt"/>
        <line num="30" count="0" type="stmt"/>
      </file>
    </metrics>
  </project>
</coverage>
