{"/home/exces-s/Projects/page-loader/src/half.js": {"path":"/home/exces-s/Projects/page-loader/src/half.js","statementMap":{"0":{"start":{"line":1,"column":13},"end":{"line":1,"column":27}},"1":{"start":{"line":1,"column":20},"end":{"line":1,"column":27}}},"fnMap":{"0":{"name":"(anonymous_0)","decl":{"start":{"line":1,"column":13},"end":{"line":1,"column":14}},"loc":{"start":{"line":1,"column":20},"end":{"line":1,"column":27}},"line":1}},"branchMap":{},"s":{"0":1,"1":1},"f":{"0":1},"b":{},"_coverageSchema":"332fd63041d2c1bcb487cc26dd0d5f7d97098a6c","hash":"3e3895b0d0a41a41f7c2b4152b1b37bd02e8d619"}
,"/home/exces-s/Projects/page-loader/src/index.js": {"path":"/home/exces-s/Projects/page-loader/src/index.js","statementMap":{"0":{"start":{"line":7,"column":20},"end":{"line":10,"column":1}},"1":{"start":{"line":12,"column":18},"end":{"line":12,"column":47}},"2":{"start":{"line":12,"column":28},"end":{"line":12,"column":47}},"3":{"start":{"line":14,"column":22},"end":{"line":20,"column":1}},"4":{"start":{"line":15,"column":16},"end":{"line":15,"column":21}},"5":{"start":{"line":16,"column":23},"end":{"line":16,"column":37}},"6":{"start":{"line":17,"column":16},"end":{"line":17,"column":38}},"7":{"start":{"line":18,"column":19},"end":{"line":18,"column":56}},"8":{"start":{"line":19,"column":2},"end":{"line":19,"column":28}},"9":{"start":{"line":22,"column":17},"end":{"line":30,"column":31}},"10":{"start":{"line":23,"column":2},"end":{"line":30,"column":31}},"11":{"start":{"line":25,"column":23},"end":{"line":25,"column":41}},"12":{"start":{"line":26,"column":25},"end":{"line":26,"column":42}},"13":{"start":{"line":27,"column":23},"end":{"line":27,"column":53}},"14":{"start":{"line":28,"column":6},"end":{"line":28,"column":43}},"15":{"start":{"line":30,"column":16},"end":{"line":30,"column":30}}},"fnMap":{"0":{"name":"(anonymous_0)","decl":{"start":{"line":12,"column":18},"end":{"line":12,"column":19}},"loc":{"start":{"line":12,"column":28},"end":{"line":12,"column":47}},"line":12},"1":{"name":"(anonymous_1)","decl":{"start":{"line":14,"column":22},"end":{"line":14,"column":23}},"loc":{"start":{"line":14,"column":31},"end":{"line":20,"column":1}},"line":14},"2":{"name":"(anonymous_2)","decl":{"start":{"line":22,"column":17},"end":{"line":22,"column":18}},"loc":{"start":{"line":23,"column":2},"end":{"line":30,"column":31}},"line":23},"3":{"name":"(anonymous_3)","decl":{"start":{"line":24,"column":10},"end":{"line":24,"column":11}},"loc":{"start":{"line":24,"column":24},"end":{"line":29,"column":5}},"line":24},"4":{"name":"(anonymous_4)","decl":{"start":{"line":30,"column":11},"end":{"line":30,"column":12}},"loc":{"start":{"line":30,"column":16},"end":{"line":30,"column":30}},"line":30}},"branchMap":{"0":{"loc":{"start":{"line":22,"column":31},"end":{"line":22,"column":44}},"type":"default-arg","locations":[{"start":{"line":22,"column":42},"end":{"line":22,"column":44}}],"line":22}},"s":{"0":1,"1":1,"2":1,"3":1,"4":1,"5":1,"6":1,"7":1,"8":1,"9":1,"10":1,"11":1,"12":1,"13":1,"14":1,"15":0},"f":{"0":1,"1":1,"2":1,"3":1,"4":0},"b":{"0":[0]},"_coverageSchema":"332fd63041d2c1bcb487cc26dd0d5f7d97098a6c","hash":"a15fafaad98eac60075036b0a4bfd8b7bb837275"}
}
